<?xml version="1.0" encoding="UTF-8" standalone="no"?>
<!DOCTYPE log SYSTEM "logger.dtd">
<log>
<record>
  <date>2024-11-13T05:46:51.689229100Z</date>
  <millis>1731476811689</millis>
  <nanos>229100</nanos>
  <sequence>0</sequence>
  <logger>geometry3d.Cylinder</logger>
  <level>SEVERE</level>
  <class>geometry2d.Circle</class>
  <method>&lt;init&gt;</method>
  <thread>1</thread>
  <message>Created new Circle</message>
</record>
<record>
  <date>2024-11-13T05:46:51.738239500Z</date>
  <millis>1731476811738</millis>
  <nanos>239500</nanos>
  <sequence>1</sequence>
  <logger>geometry3d.Cylinder</logger>
  <level>SEVERE</level>
  <class>geometry2d.Circle</class>
  <method>setRadius</method>
  <thread>1</thread>
  <message>Setting cylinder radius to 10</message>
</record>
<record>
  <date>2024-11-13T05:46:51.743240200Z</date>
  <millis>1731476811743</millis>
  <nanos>240200</nanos>
  <sequence>2</sequence>
  <logger>geometry3d.Cylinder</logger>
  <level>SEVERE</level>
  <class>geometry2d.Circle</class>
  <method>area</method>
  <thread>1</thread>
  <message>Calculating circle area</message>
</record>
<record>
  <date>2024-11-13T05:46:51.744240600Z</date>
  <millis>1731476811744</millis>
  <nanos>240600</nanos>
  <sequence>3</sequence>
  <logger>geometry3d.Cylinder</logger>
  <level>SEVERE</level>
  <class>geometry2d.Circle</class>
  <method>perimeter</method>
  <thread>1</thread>
  <message>Calculating circle perimeter</message>
</record>
<record>
  <date>2024-11-13T05:46:51.762245Z</date>
  <millis>1731476811762</millis>
  <nanos>245000</nanos>
  <sequence>4</sequence>
  <logger>geometry3d.Cylinder</logger>
  <level>INFO</level>
  <class>geometry2d.Rectangle</class>
  <method>&lt;init&gt;</method>
  <thread>1</thread>
  <message>Created new Rectangle</message>
</record>
<record>
  <date>2024-11-13T05:46:51.762245Z</date>
  <millis>1731476811762</millis>
  <nanos>245000</nanos>
  <sequence>4</sequence>
  <logger>geometry3d.Cylinder</logger>
  <level>INFO</level>
  <class>geometry2d.Rectangle</class>
  <method>&lt;init&gt;</method>
  <thread>1</thread>
  <message>Created new Rectangle</message>
</record>
<record>
  <date>2024-11-13T05:46:51.763244700Z</date>
  <millis>1731476811763</millis>
  <nanos>244700</nanos>
  <sequence>5</sequence>
  <logger>geometry3d.Cylinder</logger>
  <level>INFO</level>
  <class>geometry2d.Rectangle</class>
  <method>setLength</method>
  <thread>1</thread>
  <message>Setting rectangle length to 5</message>
</record>
<record>
  <date>2024-11-13T05:46:51.763244700Z</date>
  <millis>1731476811763</millis>
  <nanos>244700</nanos>
  <sequence>5</sequence>
  <logger>geometry3d.Cylinder</logger>
  <level>INFO</level>
  <class>geometry2d.Rectangle</class>
  <method>setLength</method>
  <thread>1</thread>
  <message>Setting rectangle length to 5</message>
</record>
<record>
  <date>2024-11-13T05:46:51.765245Z</date>
  <millis>1731476811765</millis>
  <nanos>245000</nanos>
  <sequence>6</sequence>
  <logger>geometry3d.Cylinder</logger>
  <level>INFO</level>
  <class>geometry2d.Rectangle</class>
  <method>setWidth</method>
  <thread>1</thread>
  <message>Setting rectangle width to 5</message>
</record>
<record>
  <date>2024-11-13T05:46:51.765245Z</date>
  <millis>1731476811765</millis>
  <nanos>245000</nanos>
  <sequence>6</sequence>
  <logger>geometry3d.Cylinder</logger>
  <level>INFO</level>
  <class>geometry2d.Rectangle</class>
  <method>setWidth</method>
  <thread>1</thread>
  <message>Setting rectangle width to 5</message>
</record>
<record>
  <date>2024-11-13T05:46:51.767246100Z</date>
  <millis>1731476811767</millis>
  <nanos>246100</nanos>
  <sequence>7</sequence>
  <logger>geometry3d.Cylinder</logger>
  <level>FINEST</level>
  <class>geometry3d.Cylinder</class>
  <method>&lt;init&gt;</method>
  <thread>1</thread>
  <message>Created new Cylinder</message>
</record>
<record>
  <date>2024-11-13T05:46:51.767246100Z</date>
  <millis>1731476811767</millis>
  <nanos>246100</nanos>
  <sequence>7</sequence>
  <logger>geometry3d.Cylinder</logger>
  <level>FINEST</level>
  <class>geometry3d.Cylinder</class>
  <method>&lt;init&gt;</method>
  <thread>1</thread>
  <message>Created new Cylinder</message>
</record>
<record>
  <date>2024-11-13T05:46:51.768247Z</date>
  <millis>1731476811768</millis>
  <nanos>247000</nanos>
  <sequence>8</sequence>
  <logger>geometry3d.Cylinder</logger>
  <level>FINEST</level>
  <class>geometry3d.Cylinder</class>
  <method>setBase</method>
  <thread>1</thread>
  <message>Setting base for cylinder: geometry2d.Rectangle</message>
</record>
<record>
  <date>2024-11-13T05:46:51.768247Z</date>
  <millis>1731476811768</millis>
  <nanos>247000</nanos>
  <sequence>8</sequence>
  <logger>geometry3d.Cylinder</logger>
  <level>FINEST</level>
  <class>geometry3d.Cylinder</class>
  <method>setBase</method>
  <thread>1</thread>
  <message>Setting base for cylinder: geometry2d.Rectangle</message>
</record>
<record>
  <date>2024-11-13T05:46:51.768247Z</date>
  <millis>1731476811768</millis>
  <nanos>247000</nanos>
  <sequence>9</sequence>
  <logger>geometry3d.Cylinder</logger>
  <level>FINEST</level>
  <class>geometry3d.Cylinder</class>
  <method>setHeight</method>
  <thread>1</thread>
  <message>Setting cylinder height to 10</message>
</record>
<record>
  <date>2024-11-13T05:46:51.768247Z</date>
  <millis>1731476811768</millis>
  <nanos>247000</nanos>
  <sequence>9</sequence>
  <logger>geometry3d.Cylinder</logger>
  <level>FINEST</level>
  <class>geometry3d.Cylinder</class>
  <method>setHeight</method>
  <thread>1</thread>
  <message>Setting cylinder height to 10</message>
</record>
<record>
  <date>2024-11-13T05:46:51.769246300Z</date>
  <millis>1731476811769</millis>
  <nanos>246300</nanos>
  <sequence>10</sequence>
  <logger>geometry3d.Cylinder</logger>
  <level>INFO</level>
  <class>geometry2d.Rectangle</class>
  <method>area</method>
  <thread>1</thread>
  <message>Calculating rectangle area</message>
</record>
<record>
  <date>2024-11-13T05:46:51.769246300Z</date>
  <millis>1731476811769</millis>
  <nanos>246300</nanos>
  <sequence>10</sequence>
  <logger>geometry3d.Cylinder</logger>
  <level>INFO</level>
  <class>geometry2d.Rectangle</class>
  <method>area</method>
  <thread>1</thread>
  <message>Calculating rectangle area</message>
</record>
<record>
  <date>2024-11-13T05:46:51.770247400Z</date>
  <millis>1731476811770</millis>
  <nanos>247400</nanos>
  <sequence>11</sequence>
  <logger>geometry3d.Cylinder</logger>
  <level>INFO</level>
  <class>geometry2d.Rectangle</class>
  <method>perimeter</method>
  <thread>1</thread>
  <message>Calculating rectangle perimeter</message>
</record>
<record>
  <date>2024-11-13T05:46:51.770247400Z</date>
  <millis>1731476811770</millis>
  <nanos>247400</nanos>
  <sequence>11</sequence>
  <logger>geometry3d.Cylinder</logger>
  <level>INFO</level>
  <class>geometry2d.Rectangle</class>
  <method>perimeter</method>
  <thread>1</thread>
  <message>Calculating rectangle perimeter</message>
</record>
<record>
  <date>2024-11-13T05:46:51.776247900Z</date>
  <millis>1731476811776</millis>
  <nanos>247900</nanos>
  <sequence>12</sequence>
  <logger>geometry3d.Cylinder</logger>
  <level>FINEST</level>
  <class>geometry3d.Cylinder</class>
  <method>volume</method>
  <thread>1</thread>
  <message>Calculating cylinder volume</message>
</record>
<record>
  <date>2024-11-13T05:46:51.776247900Z</date>
  <millis>1731476811776</millis>
  <nanos>247900</nanos>
  <sequence>12</sequence>
  <logger>geometry3d.Cylinder</logger>
  <level>FINEST</level>
  <class>geometry3d.Cylinder</class>
  <method>volume</method>
  <thread>1</thread>
  <message>Calculating cylinder volume</message>
</record>
<record>
  <date>2024-11-13T05:46:51.776247900Z</date>
  <millis>1731476811776</millis>
  <nanos>247900</nanos>
  <sequence>13</sequence>
  <logger>geometry3d.Cylinder</logger>
  <level>INFO</level>
  <class>geometry2d.Rectangle</class>
  <method>area</method>
  <thread>1</thread>
  <message>Calculating rectangle area</message>
</record>
<record>
  <date>2024-11-13T05:46:51.776247900Z</date>
  <millis>1731476811776</millis>
  <nanos>247900</nanos>
  <sequence>13</sequence>
  <logger>geometry3d.Cylinder</logger>
  <level>INFO</level>
  <class>geometry2d.Rectangle</class>
  <method>area</method>
  <thread>1</thread>
  <message>Calculating rectangle area</message>
</record>
<record>
  <date>2024-11-13T05:46:51.779248700Z</date>
  <millis>1731476811779</millis>
  <nanos>248700</nanos>
  <sequence>14</sequence>
  <logger>geometry3d.Cylinder</logger>
  <level>FINEST</level>
  <class>geometry3d.Cylinder</class>
  <method>&lt;init&gt;</method>
  <thread>1</thread>
  <message>Created new Cylinder</message>
</record>
<record>
  <date>2024-11-13T05:46:51.779248700Z</date>
  <millis>1731476811779</millis>
  <nanos>248700</nanos>
  <sequence>14</sequence>
  <logger>geometry3d.Cylinder</logger>
  <level>FINEST</level>
  <class>geometry3d.Cylinder</class>
  <method>&lt;init&gt;</method>
  <thread>1</thread>
  <message>Created new Cylinder</message>
</record>
<record>
  <date>2024-11-13T05:46:51.780249400Z</date>
  <millis>1731476811780</millis>
  <nanos>249400</nanos>
  <sequence>15</sequence>
  <logger>geometry3d.Cylinder</logger>
  <level>FINEST</level>
  <class>geometry3d.Cylinder</class>
  <method>setBase</method>
  <thread>1</thread>
  <message>Setting base for cylinder: geometry2d.Rectangle</message>
</record>
<record>
  <date>2024-11-13T05:46:51.780249400Z</date>
  <millis>1731476811780</millis>
  <nanos>249400</nanos>
  <sequence>15</sequence>
  <logger>geometry3d.Cylinder</logger>
  <level>FINEST</level>
  <class>geometry3d.Cylinder</class>
  <method>setBase</method>
  <thread>1</thread>
  <message>Setting base for cylinder: geometry2d.Rectangle</message>
</record>
<record>
  <date>2024-11-13T05:46:51.781249300Z</date>
  <millis>1731476811781</millis>
  <nanos>249300</nanos>
  <sequence>16</sequence>
  <logger>geometry3d.Cylinder</logger>
  <level>FINEST</level>
  <class>geometry3d.Cylinder</class>
  <method>setHeight</method>
  <thread>1</thread>
  <message>Setting cylinder height to 10</message>
</record>
<record>
  <date>2024-11-13T05:46:51.781249300Z</date>
  <millis>1731476811781</millis>
  <nanos>249300</nanos>
  <sequence>16</sequence>
  <logger>geometry3d.Cylinder</logger>
  <level>FINEST</level>
  <class>geometry3d.Cylinder</class>
  <method>setHeight</method>
  <thread>1</thread>
  <message>Setting cylinder height to 10</message>
</record>
</log>
